============================= test session starts =============================
platform win32 -- Python 3.12.2, pytest-9.0.1, pluggy-1.6.0
rootdir: F:\carla-control-suite-worktrees\structure-elevation-remediation-v1-20260913
configfile: pytest.ini
testpaths: ultimate_pipeline/tests, tests, tests/unit, tests/phase_q, tests/carla_tools, tests/domain_gap, tests/opendrive_geometry, tests/quality, tests/roadrunner, tests/topology, ultimate_pipeline/domain_gap/tests, ultimate_pipeline/carla_tools/tests, ultimate_pipeline/tools/tests
plugins: anyio-4.12.1
collected 5997 items

ultimate_pipeline\tests\test_contracts.py .............................. [  0%]
........................................................................ [  1%]
..................................                                       [  2%]
ultimate_pipeline\tests\test_coordinate_control_fix.py ...               [  2%]
ultimate_pipeline\tests\test_deterministic_alignment.py .......          [  2%]
ultimate_pipeline\tests\test_perception_collect_tools.py ..              [  2%]
ultimate_pipeline\tests\test_reload_ready_for_sensors.py .               [  2%]
ultimate_pipeline\tests\test_run_root_inference.py ..                    [  2%]
ultimate_pipeline\tests\test_stage_d0.py ......                          [  2%]
ultimate_pipeline\tests\test_sumo_repair.py ....                         [  2%]
ultimate_pipeline\tests\test_wait_for_first_sample.py ....               [  2%]
ultimate_pipeline\tests\unit\test_animated_diff.py .....                 [  2%]
ultimate_pipeline\tests\unit\test_artifact_locator_final_xodr.py ....... [  2%]
                                                                         [  2%]
ultimate_pipeline\tests\unit\test_audit_normalization.py ............... [  3%]
..                                                                       [  3%]
ultimate_pipeline\tests\unit\test_audit_thesis_topic_contract_run11.py . [  3%]
...                                                                      [  3%]
ultimate_pipeline\tests\unit\test_auto_scenario_generator.py ......      [  3%]
ultimate_pipeline\tests\unit\test_building_extruder.py .....             [  3%]
ultimate_pipeline\tests\unit\test_c11_crs_comparability_decoupled.py ... [  3%]
..                                                                       [  3%]
ultimate_pipeline\tests\unit\test_c11_inputs_manifest_guard.py ......... [  3%]
....                                                                     [  3%]
ultimate_pipeline\tests\unit\test_c11_preanchor_default.py .....         [  3%]
ultimate_pipeline\tests\unit\test_c11_proj_env_guard.py .......          [  3%]
ultimate_pipeline\tests\unit\test_calibration_ece.py .....               [  4%]
ultimate_pipeline\tests\unit\test_carla_preflight_tcp_probe.py ..        [  4%]
ultimate_pipeline\tests\unit\test_carla_quick_load_crop_xodr.py ......   [  4%]
ultimate_pipeline\tests\unit\test_carla_smoke_suite_find_xodr.py ....    [  4%]
ultimate_pipeline\tests\unit\test_check_elevation_smoothness.py ...      [  4%]
ultimate_pipeline\tests\unit\test_check_junction_integrity.py .......... [  4%]
..                                                                       [  4%]
ultimate_pipeline\tests\unit\test_check_lane_connectivity.py ........... [  4%]
.                                                                        [  4%]
ultimate_pipeline\tests\unit\test_check_physics_feasibility.py ......    [  4%]
ultimate_pipeline\tests\unit\test_compare_runs_determinism_pick_final.py . [  4%]
....                                                                     [  4%]
ultimate_pipeline\tests\unit\test_connectivity_gap.py .................  [  5%]
ultimate_pipeline\tests\unit\test_connectivity_gap_always_present.py ... [  5%]
.....                                                                    [  5%]
ultimate_pipeline\tests\unit\test_coordinate_contract.py ...             [  5%]
ultimate_pipeline\tests\unit\test_coordinate_system_artifact.py ........ [  5%]
.                                                                        [  5%]
ultimate_pipeline\tests\unit\test_core_file_utils_and_misc.py .......... [  5%]
....                                                                     [  5%]
ultimate_pipeline\tests\unit\test_cross_section_visualizer.py .......... [  5%]
..                                                                       [  5%]
ultimate_pipeline\tests\unit\test_crosssection_repair.py .....           [  6%]
ultimate_pipeline\tests\unit\test_curvature_gap_parampoly3.py ...        [  6%]
ultimate_pipeline\tests\unit\test_dem_auto_downloader.py ..........s.    [  6%]
ultimate_pipeline\tests\unit\test_dem_diagnostics.py ...                 [  6%]
ultimate_pipeline\tests\unit\test_dem_f1.py ................             [  6%]
ultimate_pipeline\tests\unit\test_diagnostics_mesh_and_pipeline.py ..... [  6%]
.....                                                                    [  6%]
ultimate_pipeline\tests\unit\test_drivable_surface_scanner.py ...        [  6%]
ultimate_pipeline\tests\unit\test_elevation_fallback_policy.py ......... [  6%]
.......................                                                  [  7%]
ultimate_pipeline\tests\unit\test_elevation_gap.py ................      [  7%]
ultimate_pipeline\tests\unit\test_elevation_importer_structure_roads.py . [  7%]
...                                                                      [  7%]
ultimate_pipeline\tests\unit\test_elevation_profile_builder.py ......... [  7%]
.....                                                                    [  7%]
ultimate_pipeline\tests\unit\test_elevation_quality_gates_nan.py ....... [  8%]
...                                                                      [  8%]
ultimate_pipeline\tests\unit\test_elevation_smoother.py .....            [  8%]
ultimate_pipeline\tests\unit\test_evaluate_tiling.py ................... [  8%]
........                                                                 [  8%]
ultimate_pipeline\tests\unit\test_extract_elevation_stats_thesis_impact.py . [  8%]
.                                                                        [  8%]
ultimate_pipeline\tests\unit\test_finalize_run_pack.py .......           [  8%]
ultimate_pipeline\tests\unit\test_gate_runner.py ........                [  8%]
ultimate_pipeline\tests\unit\test_geo_alignment_rigid_scale_lock.py ..   [  8%]
ultimate_pipeline\tests\unit\test_geometric_and_origin_gates_nan.py .... [  9%]
........                                                                 [  9%]
ultimate_pipeline\tests\unit\test_geometry_freeze_hash_verify.py .....   [  9%]
ultimate_pipeline\tests\unit\test_geometry_hardening.py ...              [  9%]
ultimate_pipeline\tests\unit\test_gnn_checkpoint_epoch_selection.py .... [  9%]
......                                                                   [  9%]
ultimate_pipeline\tests\unit\test_hash_tree.py ...............           [  9%]
ultimate_pipeline\tests\unit\test_heatmap_generator_severity.py ........ [  9%]
.....                                                                    [  9%]
ultimate_pipeline\tests\unit\test_heatmap_plotter.py .......             [ 10%]
ultimate_pipeline\tests\unit\test_inputs_manifest_default.py ....        [ 10%]
ultimate_pipeline\tests\unit\test_intersection_gap.py ........           [ 10%]
ultimate_pipeline\tests\unit\test_junction_connector_rebuild.py ..       [ 10%]
ultimate_pipeline\tests\unit\test_junction_connector_snap.py .......     [ 10%]
ultimate_pipeline\tests\unit\test_lane_generator.py .....                [ 10%]
ultimate_pipeline\tests\unit\test_lane_gnn_refiner_and_single_road_extractor.py . [ 10%]
.......                                                                  [ 10%]
ultimate_pipeline\tests\unit\test_lane_overlay.py ..........             [ 10%]
ultimate_pipeline\tests\unit\test_lane_width_clamp.py ....               [ 10%]
ultimate_pipeline\tests\unit\test_lane_width_invariants.py ............  [ 11%]
ultimate_pipeline\tests\unit\test_lanelink_builder.py .............      [ 11%]
ultimate_pipeline\tests\unit\test_laneoffset_normalizer.py .........     [ 11%]
ultimate_pipeline\tests\unit\test_laneoffset_smoother.py ......          [ 11%]
ultimate_pipeline\tests\unit\test_lanesection_boundary_fixer.py ........ [ 11%]
                                                                         [ 11%]
ultimate_pipeline\tests\unit\test_latent_gap_runner.py .....             [ 11%]
ultimate_pipeline\tests\unit\test_llm_client_and_ollama_bootstrap.py ... [ 11%]
..........                                                               [ 11%]
ultimate_pipeline\tests\unit\test_llm_quality_gate.py ........           [ 12%]
ultimate_pipeline\tests\unit\test_map_diff_overlay.py ..                 [ 12%]
ultimate_pipeline\tests\unit\test_map_fingerprint_and_env_snapshot.py .. [ 12%]
.......                                                                  [ 12%]
ultimate_pipeline\tests\unit\test_map_tile_dataset.py .......            [ 12%]
ultimate_pipeline\tests\unit\test_markings_builder.py ..............     [ 12%]
ultimate_pipeline\tests\unit\test_opendrive_geometry_line_arc.py ....... [ 12%]
........................................................................ [ 13%]
..........                                                               [ 14%]
ultimate_pipeline\tests\unit\test_optional_carla_api.py ......           [ 14%]
ultimate_pipeline\tests\unit\test_osm2world_pipeline_wiring.py .......   [ 14%]
ultimate_pipeline\tests\unit\test_osm2world_runner_helpers.py .......... [ 14%]
...................                                                      [ 14%]
ultimate_pipeline\tests\unit\test_osm_meta_index.py .................... [ 15%]
....                                                                     [ 15%]
ultimate_pipeline\tests\unit\test_p07_elv_lan_invariants.py ............ [ 15%]
.........                                                                [ 15%]
ultimate_pipeline\tests\unit\test_p08_signal_enrichment.py ............. [ 15%]
...                                                                      [ 15%]
ultimate_pipeline\tests\unit\test_p09_tile_equivalence.py ............   [ 15%]
ultimate_pipeline\tests\unit\test_p10_output_artifacts.py .............. [ 16%]
......                                                                   [ 16%]
ultimate_pipeline\tests\unit\test_parampoly3_tangent_repair.py ..        [ 16%]
ultimate_pipeline\tests\unit\test_path_utils.py ..........               [ 16%]
ultimate_pipeline\tests\unit\test_perception_gap_core.py ........        [ 16%]
ultimate_pipeline\tests\unit\test_perception_metrics.py ...............  [ 16%]
ultimate_pipeline\tests\unit\test_phase_e_policy.py ....                 [ 16%]
ultimate_pipeline\tests\unit\test_pipeline_health_summary.py ........... [ 17%]
............                                                             [ 17%]
ultimate_pipeline\tests\unit\test_preflight_xodr_loadability.py ........ [ 17%]
.                                                                        [ 17%]
ultimate_pipeline\tests\unit\test_quality_checkers_misc.py ............. [ 17%]
....                                                                     [ 17%]
ultimate_pipeline\tests\unit\test_quality_gate_manager.py .............. [ 18%]
                                                                         [ 18%]
ultimate_pipeline\tests\unit\test_quality_gates_drivability.py ....      [ 18%]
ultimate_pipeline\tests\unit\test_repair_drop_invalid_lane_link_targets.py . [ 18%]
.........                                                                [ 18%]
ultimate_pipeline\tests\unit\test_resolve_manual_xodr_no_wrong_town_fallback.py . [ 18%]
.....                                                                    [ 18%]
ultimate_pipeline\tests\unit\test_road_classification_gap.py .....       [ 18%]
ultimate_pipeline\tests\unit\test_road_link_endpoint_errors.py ......... [ 18%]
.....                                                                    [ 18%]
ultimate_pipeline\tests\unit\test_run_domain_gap_sweep_find_auto_xodr.py . [ 18%]
.                                                                        [ 18%]
ultimate_pipeline\tests\unit\test_run_full_domain_gap_offline_carla_guard.py . [ 18%]
                                                                         [ 18%]
ultimate_pipeline\tests\unit\test_run_full_domain_gap_reproducibility.py . [ 18%]
..                                                                       [ 18%]
ultimate_pipeline\tests\unit\test_run_gap_ablation_find_auto_xodr.py ..  [ 18%]
ultimate_pipeline\tests\unit\test_run_scenarios_batch.py ........        [ 18%]
ultimate_pipeline\tests\unit\test_safe_float_nan_sweep_batch2.py ....... [ 19%]
............                                                             [ 19%]
ultimate_pipeline\tests\unit\test_select_final_xodr_osm_carla_determinism.py . [ 19%]
...                                                                      [ 19%]
ultimate_pipeline\tests\unit\test_semantic_gap.py ......                 [ 19%]
ultimate_pipeline\tests\unit\test_semantic_mapper.py .................   [ 19%]
ultimate_pipeline\tests\unit\test_sensor_logger.py .....                 [ 19%]
ultimate_pipeline\tests\unit\test_stage05_structure_classification.py .. [ 19%]
..                                                                       [ 19%]
ultimate_pipeline\tests\unit\test_stage_02_sumo_repair_none_handling.py . [ 19%]
.                                                                        [ 19%]
ultimate_pipeline\tests\unit\test_stage_03_lane_width_log_keys.py .      [ 19%]
ultimate_pipeline\tests\unit\test_stage_09_tiling_invariants.py ..       [ 19%]
ultimate_pipeline\tests\unit\test_stage_12_per_tile_gap_keys.py .        [ 19%]
ultimate_pipeline\tests\unit\test_stage_gate_regression_final_xodr.py .. [ 19%]
.                                                                        [ 20%]
ultimate_pipeline\tests\unit\test_step8c_light_load_guard.py ...         [ 20%]
ultimate_pipeline\tests\unit\test_structure_classifier.py ...........    [ 20%]
ultimate_pipeline\tests\unit\test_structure_elevation_crs_probe.py .     [ 20%]
ultimate_pipeline\tests\unit\test_sys001_import_smoke.py ...........     [ 20%]
ultimate_pipeline\tests\unit\test_tile_adjacency.py .................    [ 20%]
ultimate_pipeline\tests\unit\test_tile_auto_forensics.py ....            [ 20%]
ultimate_pipeline\tests\unit\test_tile_crs_alignment.py ....             [ 20%]
ultimate_pipeline\tests\unit\test_tile_extractor_crs.py .                [ 20%]
ultimate_pipeline\tests\unit\test_tile_gap_evaluator.py ......           [ 20%]
ultimate_pipeline\tests\unit\test_tile_iou_report_wire.py .......        [ 21%]
ultimate_pipeline\tests\unit\test_tile_manual_xodr_windows_read_origin.py . [ 21%]
.........                                                                [ 21%]
ultimate_pipeline\tests\unit\test_tile_matcher_spatial.py ....           [ 21%]
ultimate_pipeline\tests\unit\test_tile_metadata.py ..................    [ 21%]
ultimate_pipeline\tests\unit\test_topology_validation.py ............... [ 21%]
.....                                                                    [ 21%]
ultimate_pipeline\tests\unit\test_transform_conventions.py ............. [ 22%]
...                                                                      [ 22%]
ultimate_pipeline\tests\unit\test_turn_restriction_audit.py .....        [ 22%]
ultimate_pipeline\tests\unit\test_unified_runner_artifact_setup_failure.py . [ 22%]
...                                                                      [ 22%]
ultimate_pipeline\tests\unit\test_utils_paths.py ..............          [ 22%]
ultimate_pipeline\tests\unit\test_xodr_coordinate_report.py ...........  [ 22%]
ultimate_pipeline\tests\unit\test_xodr_cropper_gps.py .                  [ 22%]
ultimate_pipeline\tests\unit\test_xodr_junction_links.py .......         [ 22%]
ultimate_pipeline\tests\unit\test_xodr_statistics.py .................   [ 23%]
tests\carla_tools\test_session.py ..........                             [ 23%]
tests\domain_gap\test_elevation_contract.py .........                    [ 23%]
tests\opendrive_geometry\test_arc.py ....................                [ 23%]
tests\opendrive_geometry\test_existing_implementations.py .............. [ 24%]
........................................................................ [ 25%]
........................................................................ [ 26%]
........................................................................ [ 27%]
........................................................................ [ 28%]
........................................................................ [ 30%]
........................................................................ [ 31%]
........................................................................ [ 32%]
.........................................ssssss......................... [ 33%]
.....................................................ssssss............. [ 34%]
.................................................................ssssss. [ 36%]
........................................................................ [ 37%]
.....ssssss............................................................. [ 38%]
.................ssssss................................................. [ 39%]
.............................ssssss..................................... [ 40%]
.........................................ssssss......................... [ 42%]
.....................................................ssssss............. [ 43%]
.................................................................ssssss. [ 44%]
........................................................................ [ 45%]
.....ssssss............................................................. [ 46%]
.................ssssss................................................. [ 48%]
.............................ssssss..................................... [ 49%]
.........................................ssssss........                  [ 50%]
tests\opendrive_geometry\test_geometry_freeze.py ....................... [ 50%]
.                                                                        [ 50%]
tests\opendrive_geometry\test_line.py ................                   [ 50%]
tests\opendrive_geometry\test_near_zero_curvature.py ................... [ 51%]
........................................................................ [ 52%]
........................................................................ [ 53%]
........................................................................ [ 54%]
........................................................................ [ 56%]
........................................................................ [ 57%]
........................................................................ [ 58%]
........................................................................ [ 59%]
..............................................................           [ 60%]
tests\opendrive_geometry\test_s_domain.py .............................. [ 61%]
........................                                                 [ 61%]
tests\opendrive_geometry\test_sampling.py ...............                [ 61%]
tests\opendrive_geometry\test_transform_invariance.py .........          [ 61%]
tests\phase_q\test_duplicate_module_drift.py .                           [ 61%]
tests\quality\test_carla_opendrive_compat_gate.py ...................... [ 62%]
.............                                                            [ 62%]
tests\quality\test_ingolstadt_coordinate_verification.py .............   [ 62%]
tests\quality\test_lane_link_targets_gate.py .....................       [ 63%]
tests\roadrunner\test_alignment.py .................                     [ 63%]
tests\roadrunner\test_capability_probe.py ..                             [ 63%]
tests\roadrunner\test_exceptions.py ...                                  [ 63%]
tests\roadrunner\test_export_inventory.py ..................             [ 63%]
tests\roadrunner\test_gate_matrix.py ................                    [ 64%]
tests\roadrunner\test_installation.py ...............                    [ 64%]
tests\roadrunner\test_manifest.py ......                                 [ 64%]
tests\roadrunner\test_mesh_manifest.py ................                  [ 64%]
tests\roadrunner\test_models.py ........................................ [ 65%]
..                                                                       [ 65%]
tests\roadrunner\test_profiles.py ............                           [ 65%]
tests\roadrunner\test_semantic_manifest.py ...........                   [ 65%]
tests\roadrunner\test_source_contract.py ....                            [ 65%]
tests\test_crosswalk_schema.py ......................................... [ 66%]
........................                                                 [ 66%]
tests\test_r13_c0r_tag_freeze.py ....................                    [ 67%]
tests\test_r13_digest_v2.py ...........                                  [ 67%]
tests\test_r13_evidence.py .....                                         [ 67%]
tests\test_r13_governed_payload_guard.py .....                           [ 67%]
tests\test_r13_mutation_allowlist.py .....                               [ 67%]
tests\test_stage_i_integrity.py ..............                           [ 67%]
tests\topology\test_junction_model.py ...........                        [ 68%]
tests\topology\test_missing_junction_link_repair.py ............         [ 68%]
tests\topology\test_road_removal.py ....                                 [ 68%]
tests\topology\test_roundabout_rebuilder.py .................            [ 68%]
tests\topology\test_roundabout_reconstructor.py ........................ [ 69%]
...                                                                      [ 69%]
tests\topology\test_semantic_verifier.py ...........                     [ 69%]
tests\topology\test_structure_prune_legacy.py ...........                [ 69%]
tests\topology\test_structure_scanner.py ............................... [ 69%]
..                                                                       [ 70%]
tests\topology\test_topology_linter.py ...........................       [ 70%]
tests\topology\test_topology_repair.py ..................                [ 70%]
tests\unit\test_access_restriction_metadata.py ...                       [ 70%]
tests\unit\test_agent_sync_contract.py ......                            [ 70%]
tests\unit\test_artifact_transactions.py ...                             [ 70%]
tests\unit\test_assert_supported_carla_version.py .....                  [ 71%]
tests\unit\test_audit_lane_link_turn_classification_cli.py ..            [ 71%]
tests\unit\test_audit_thesis_topic_contract_current.py .......           [ 71%]
tests\unit\test_c12_explicit_dr_wiring.py ...                            [ 71%]
tests\unit\test_c16_cook_dry_run.py ....                                 [ 71%]
tests\unit\test_c9_tail_gate_controls.py ............................... [ 71%]
....                                                                     [ 71%]
tests\unit\test_candidate_regression_gate.py ....                        [ 71%]
tests\unit\test_carla_classes.py ......                                  [ 72%]
tests\unit\test_carla_tools_honesty.py .....                             [ 72%]
tests\unit\test_carla_utils_tier3_hardening.py .................         [ 72%]
tests\unit\test_carla_visual_smoke_gate_evaluation.py ..........         [ 72%]
tests\unit\test_carla_visual_smoke_gate_utils.py .............           [ 72%]
tests\unit\test_cert_runtime_hardening.py ......                         [ 72%]
tests\unit\test_check_junction_connection_coverage.py ......             [ 73%]
tests\unit\test_check_lane_geometry_continuity.py ...........            [ 73%]
tests\unit\test_check_lane_width_continuity.py ............              [ 73%]
tests\unit\test_class_weights.py .......                                 [ 73%]
tests\unit\test_codex_harness.py .                                       [ 73%]
tests\unit\test_component_reachability.py .........                      [ 73%]
tests\unit\test_compute_perception_gap.py ...                            [ 73%]
tests\unit\test_connector_validator_pose.py ..                           [ 73%]
tests\unit\test_crash_classifier.py .......................              [ 74%]
tests\unit\test_crash_safe_length_repair.py .....                        [ 74%]
tests\unit\test_crosswalk_writer.py ................                     [ 74%]
tests\unit\test_curvature_wasserstein_gap.py .....                       [ 74%]
tests\unit\test_db_manager.py .............                              [ 74%]
tests\unit\test_db_manager_get_connection_removed.py ..                  [ 74%]
tests\unit\test_domain_adaptation.py .......                             [ 74%]
tests\unit\test_domain_gap_gnn.py .................s..                   [ 75%]
tests\unit\test_domain_gap_metrics.py ...........                        [ 75%]
tests\unit\test_e2_map_quality_repair.py ....                            [ 75%]
tests\unit\test_elevation_grade_clamp.py ...                             [ 75%]
tests\unit\test_entrypoint_print_import_safety.py .....                  [ 75%]
tests\unit\test_eval_real_unlabeled.py ......                            [ 75%]
tests\unit\test_eval_sim_labeled_metrics.py .......                      [ 75%]
tests\unit\test_evidence_sha256_anchors.py .                             [ 75%]
tests\unit\test_exp_osm_to_xodr_determinism_normalized.py .....s         [ 75%]
tests\unit\test_export_thesis_tables.py ...............                  [ 76%]
tests\unit\test_feature_gap.py .......                                   [ 76%]
tests\unit\test_file_hashing.py .................                        [ 76%]
tests\unit\test_final_map_readiness_gate.py ............................ [ 77%]
.                                                                        [ 77%]
tests\unit\test_find_broken_roads_cli.py .......                         [ 77%]
tests\unit\test_frechet_gap.py ............                              [ 77%]
tests\unit\test_gap_analyzer_xodr_to_xodr.py ....                        [ 77%]
tests\unit\test_gate_measurement_correctness.py ...............          [ 77%]
tests\unit\test_geojson_multipolygon_buildings.py .....                  [ 77%]
tests\unit\test_geometric_continuity_contactpoint.py ..........          [ 78%]
tests\unit\test_geometric_continuity_migration.py ...................... [ 78%]
..........                                                               [ 78%]
tests\unit\test_geometry_kernel.py .......                               [ 78%]
tests\unit\test_geometry_validator_kernel_migration.py .                 [ 78%]
tests\unit\test_gpu_tdr_preflight.py .....                               [ 78%]
tests\unit\test_inputs_manifest.py ..................                    [ 79%]
tests\unit\test_junction_complexity_gap.py ..................            [ 79%]
tests\unit\test_junction_connector_boundary_gate.py ..                   [ 79%]
tests\unit\test_junction_connector_rebuild.py ..                         [ 79%]
tests\unit\test_junction_integrity_consistency.py .....                  [ 79%]
tests\unit\test_label_quality.py .....                                   [ 79%]
tests\unit\test_lane_count_changes.py ..                                 [ 79%]
tests\unit\test_lane_generator_osm_count.py ....                         [ 79%]
tests\unit\test_lane_section_successors.py ...                           [ 79%]
tests\unit\test_lane_successor_hardening.py ..                           [ 79%]
tests\unit\test_lane_width_policy.py ......                              [ 79%]
tests\unit\test_local_registration.py ......................             [ 80%]
tests\unit\test_map_acceptance.py ...................................... [ 80%]
.....                                                                    [ 80%]
tests\unit\test_map_event_record.py ............                         [ 81%]
tests\unit\test_map_hygiene.py ..................                        [ 81%]
tests\unit\test_map_identity_guard.py .....                              [ 81%]
tests\unit\test_map_registry_name_normalization.py ..................... [ 81%]
.........                                                                [ 82%]
tests\unit\test_map_registry_pinning.py ..........                       [ 82%]
tests\unit\test_map_registry_verify_pinned_map.py ..........             [ 82%]
tests\unit\test_map_stats_curvature.py .......                           [ 82%]
tests\unit\test_measure_candidate_acceptance_drivability_gates.py ...... [ 82%]
.................                                                        [ 82%]
tests\unit\test_measure_candidate_acceptance_junction_integrity.py ..    [ 82%]
tests\unit\test_mesh_continuity_repairer_curvature_flag.py ...           [ 82%]
tests\unit\test_mesh_streamer_update.py .....                            [ 83%]
tests\unit\test_micro_stub_detection.py ....                             [ 83%]
tests\unit\test_min_train_segmentation_any_255.py ....                   [ 83%]
tests\unit\test_native_signal_enrichment.py .                            [ 83%]
tests\unit\test_opendrive_gen_diagnostic.py ......................       [ 83%]
tests\unit\test_opendrive_geometry_parampoly3.py ....................... [ 83%]
...............................................                          [ 84%]
tests\unit\test_osm_enrichment_writers_name_match.py ....                [ 84%]
tests\unit\test_osm_input_guard.py ......                                [ 84%]
tests\unit\test_osm_meta_index_name_matching.py ....                     [ 84%]
tests\unit\test_osm_multipolygon_buildings.py ....                       [ 85%]
tests\unit\test_osm_polygon_loader_frame.py ...                          [ 85%]
tests\unit\test_osm_xodr_correspondence.py ..........                    [ 85%]
tests\unit\test_ost_run_protocol_adapter.py ......................       [ 85%]
tests\unit\test_pack_thesis_run.py ....                                  [ 85%]
tests\unit\test_package_smoke_check.py ....                              [ 85%]
tests\unit\test_patch_pinned_building_frame.py .....                     [ 85%]
tests\unit\test_perception_any_255.py ....                               [ 85%]
tests\unit\test_perception_dataset_roundtrip.py ......                   [ 85%]
tests\unit\test_perception_metrics_exporter.py ....                      [ 86%]
tests\unit\test_perception_metrics_simple.py ..............              [ 86%]
tests\unit\test_phase_g3_cross_section_coverage.py .....                 [ 86%]
tests\unit\test_phase_g5_lane_classification.py ...                      [ 86%]
tests\unit\test_phase_g6_junction_lanelinks.py ......                    [ 86%]
tests\unit\test_phase_g7_roadmark_semantics.py ...                       [ 86%]
tests\unit\test_phase_h0_signal_offset.py ..                             [ 86%]
tests\unit\test_planview_internal_seams_heading_only.py ......           [ 86%]
tests\unit\test_positioned_osm_metadata.py ........                      [ 86%]
tests\unit\test_quarantine_bad_roads.py ....................             [ 87%]
tests\unit\test_realism_module_infer_speed.py .........                  [ 87%]
tests\unit\test_realism_module_rules_mode.py .........                   [ 87%]
tests\unit\test_recompute_geometry_starts_chained_inplace.py ....        [ 87%]
tests\unit\test_recorder_semseg_layout.py ...............                [ 87%]
tests\unit\test_regen_find_final_xodr_hygiene.py ....                    [ 87%]
tests\unit\test_regen_map_of_record_sumo_guard.py .......                [ 87%]
tests\unit\test_regen_measure_acceptance_component_reachability.py ..    [ 88%]
tests\unit\test_regen_rebase_buildings.py ...                            [ 88%]
tests\unit\test_regen_structural_signature.py .....                      [ 88%]
tests\unit\test_repo_health_tool.py ......                               [ 88%]
tests\unit\test_rig_verifier_reexports.py .........                      [ 88%]
tests\unit\test_rl_fuzzer.py ...........................                 [ 88%]
tests\unit\test_roundabout_v2_real_map_probe.py ..                       [ 88%]
tests\unit\test_roundabout_v2_regression.py ............                 [ 89%]
tests\unit\test_run_archiver.py ........                                 [ 89%]
tests\unit\test_run_c19_assembly.py ....                                 [ 89%]
tests\unit\test_run_determinism_audit.py ............................... [ 89%]
.......................                                                  [ 90%]
tests\unit\test_run_gnn_pipeline_seed.py .....                           [ 90%]
tests\unit\test_run_perception_safe_failure_classification.py .......... [ 90%]
..................................                                       [ 90%]
tests\unit\test_run_perception_safe_rig_contract.py ..............       [ 91%]
tests\unit\test_runtime_enrichments.py .........................         [ 91%]
tests\unit\test_semantic_class_policy.py .....                           [ 91%]
tests\unit\test_semantic_completeness.py ....                            [ 91%]
tests\unit\test_semantic_overlap_wiring.py .....                         [ 91%]
tests\unit\test_semantic_tagging.py .........................            [ 92%]
tests\unit\test_sensor_calibration_semantics.py ....                     [ 92%]
tests\unit\test_sidewalk_builder.py ............................         [ 92%]
tests\unit\test_signal_digest_canonical.py ............                  [ 93%]
tests\unit\test_speed_limit_writer.py .......                            [ 93%]
tests\unit\test_stage05_connector_snap_wiring.py ....                    [ 93%]
tests\unit\test_stage07_structural_osm_metadata.py ..                    [ 93%]
tests\unit\test_stage08_length_invariant.py .                            [ 93%]
tests\unit\test_stage10c_respects_carla_disable.py .....                 [ 93%]
tests\unit\test_stage4_offline_buildings.py .........                    [ 93%]
tests\unit\test_stage6_containment.py ..............                     [ 93%]
tests\unit\test_stage6_unsafe_flag_policy.py ................            [ 93%]
tests\unit\test_stage8h_map_hygiene.py .......                           [ 94%]
tests\unit\test_stage_context.py ....                                    [ 94%]
tests\unit\test_stage_digest.py ..........                               [ 94%]
tests\unit\test_structure_elevation_plausibility.py ......               [ 94%]
tests\unit\test_structure_elevation_remediation_probe.py ..              [ 94%]
tests\unit\test_sumo_repair_frame_preservation.py ..                     [ 94%]
tests\unit\test_thesis_rq_contract.py ........                           [ 94%]
tests\unit\test_tile_extractor.py ..............................         [ 95%]
tests\unit\test_tiling_seam_continuity.py ........                       [ 95%]
tests\unit\test_traffic_light_signals.py ........                        [ 95%]
tests\unit\test_train_launcher_any_255.py ...                            [ 95%]
tests\unit\test_turn_cycle_lane_geometry.py ..........                   [ 95%]
tests\unit\test_validate_governance.py ................................. [ 96%]
.........................                                                [ 96%]
tests\unit\test_validate_thesis_claim_provenance.py ..........           [ 96%]
tests\unit\test_verify_candidate_digest.py .....s.                       [ 96%]
tests\unit\test_verify_final_xodr.py ..................                  [ 97%]
tests\unit\test_visual_mesh_elevation_warp.py .......                    [ 97%]
tests\unit\test_writer_lock.py ..............                            [ 97%]
tests\unit\test_xodr_carla_hardener.py ................................. [ 98%]
.                                                                        [ 98%]
tests\unit\test_xodr_compare_gate.py .........................           [ 98%]
tests\unit\test_xodr_junction_ref_cleanup.py ..........                  [ 98%]
tests\unit\test_xodr_structural_summary.py .....................         [ 99%]
tests\unit\test_zero_length_connector_repair.py ...                      [ 99%]
ultimate_pipeline\domain_gap\tests\test_geo_alignment.py ............    [ 99%]
ultimate_pipeline\domain_gap\tests\test_run_metadata.py .                [ 99%]
ultimate_pipeline\carla_tools\tests\test_carla_recovery_helpers.py ..... [ 99%]
.................                                                        [ 99%]
ultimate_pipeline\carla_tools\tests\test_spawn_validator.py .....        [ 99%]
ultimate_pipeline\carla_tools\tests\test_thesis_sensor_rig_contract.py . [ 99%]
.............                                                            [ 99%]
ultimate_pipeline\tools\tests\test_calib_path.py .                       [100%]

============================== warnings summary ===============================
ultimate_pipeline\config\settings.py:1981: 1 warning
ultimate_pipeline/tests/unit/test_c11_crs_comparability_decoupled.py: 4 warnings
ultimate_pipeline/tests/unit/test_c11_preanchor_default.py: 3 warnings
ultimate_pipeline/tests/unit/test_inputs_manifest_default.py: 4 warnings
tests/unit/test_stage10c_respects_carla_disable.py: 5 warnings
tests/unit/test_stage6_unsafe_flag_policy.py: 15 warnings
tests/unit/test_stage8h_map_hygiene.py: 7 warnings
  F:\carla-control-suite-worktrees\structure-elevation-remediation-v1-20260913\ultimate_pipeline\config\settings.py:1981: RuntimeWarning: MANUAL_TILES_DIR resolved to missing dir: 'F:\carla-control-suite-worktrees\structure-elevation-remediation-v1-20260913\domain_gap_results\manual_tiles'. Set UP_MANUAL_TILES_DIR to a valid dir.
    _warn_missing_setting_path(

ultimate_pipeline\config\settings.py:1993: 1 warning
ultimate_pipeline/tests/unit/test_c11_crs_comparability_decoupled.py: 4 warnings
ultimate_pipeline/tests/unit/test_c11_preanchor_default.py: 3 warnings
ultimate_pipeline/tests/unit/test_inputs_manifest_default.py: 4 warnings
tests/unit/test_stage10c_respects_carla_disable.py: 5 warnings
tests/unit/test_stage6_unsafe_flag_policy.py: 15 warnings
tests/unit/test_stage8h_map_hygiene.py: 7 warnings
  F:\carla-control-suite-worktrees\structure-elevation-remediation-v1-20260913\ultimate_pipeline\config\settings.py:1993: RuntimeWarning: COORDINATES_JSON resolved to missing file: 'F:\carla-control-suite-worktrees\structure-elevation-remediation-v1-20260913\ultimate_pipeline\config\coordinates.json'. Set UP_COORDINATES_JSON to a valid file.
    _warn_missing_setting_path(

ultimate_pipeline\config\settings.py:1999: 1 warning
ultimate_pipeline/tests/unit/test_c11_crs_comparability_decoupled.py: 4 warnings
ultimate_pipeline/tests/unit/test_c11_preanchor_default.py: 3 warnings
ultimate_pipeline/tests/unit/test_inputs_manifest_default.py: 4 warnings
tests/unit/test_stage10c_respects_carla_disable.py: 5 warnings
tests/unit/test_stage6_unsafe_flag_policy.py: 15 warnings
tests/unit/test_stage8h_map_hygiene.py: 7 warnings
  F:\carla-control-suite-worktrees\structure-elevation-remediation-v1-20260913\ultimate_pipeline\config\settings.py:1999: RuntimeWarning: HPC_DIR resolved to missing dir: 'F:\carla-control-suite-worktrees\structure-elevation-remediation-v1-20260913\hpc'. Set UP_HPC_DIR to a valid dir.
    _warn_missing_setting_path(

C:\Users\admin\PycharmProjects\gpt4\pythonProject3\carla_-main\.venv\Lib\site-packages\torch_geometric\llm\utils\backend_utils.py:26
  C:\Users\admin\PycharmProjects\gpt4\pythonProject3\carla_-main\.venv\Lib\site-packages\torch_geometric\llm\utils\backend_utils.py:26: DeprecationWarning: `torch_geometric.distributed` has been deprecated since 2.7.0 and will no longer be maintained. For distributed training, refer to our tutorials on distributed training at https://pytorch-geometric.readthedocs.io/en/latest/tutorial/distributed.html or cuGraph examples at https://github.com/rapidsai/cugraph-gnn/tree/main/python/cugraph-pyg/cugraph_pyg/examples
    from torch_geometric.distributed import (

tests/unit/test_c9_tail_gate_controls.py::test_check_elevation_profile_positive_control_no_spikes
tests/unit/test_c9_tail_gate_controls.py::test_check_elevation_profile_negative_control_grade_spike
tests/unit/test_c9_tail_gate_controls.py::test_check_elevation_profile_negative_control_invalid_attribute
  F:\carla-control-suite-worktrees\structure-elevation-remediation-v1-20260913\ultimate_pipeline\quality\check_elevation_profile.py:128: DeprecationWarning: datetime.datetime.utcnow() is deprecated and scheduled for removal in a future version. Use timezone-aware objects to represent datetimes in UTC: datetime.datetime.now(datetime.UTC).
    "generated_at_utc": datetime.utcnow().isoformat() + "Z",

tests/unit/test_stage_digest.py: 12 warnings
  F:\carla-control-suite-worktrees\structure-elevation-remediation-v1-20260913\ultimate_pipeline\determinism\stage_digest.py:66: DeprecationWarning: datetime.datetime.utcnow() is deprecated and scheduled for removal in a future version. Use timezone-aware objects to represent datetimes in UTC: datetime.datetime.now(datetime.UTC).
    "generated_at_utc": datetime.utcnow().isoformat() + "Z",

-- Docs: https://docs.pytest.org/en/stable/how-to/capture-warnings.html
========= 5915 passed, 82 skipped, 133 warnings in 407.94s (0:06:47) ==========
